<?xml version="1.0" encoding="UTF-8"?>
<!-- Generated by org.testng.reporters.JUnitReportReporter -->
<testsuite hostname="LAPTOP-QV6L3LU4" failures="0" tests="1" name="testCases.TC1_loginPage" time="28.686" errors="0" timestamp="2022-02-02T08:35:12 IST" skipped="0">
  <testcase classname="testCases.TC1_loginPage" name="validateLogin" time="28.686"/>
  <system-out/>
</testsuite> <!-- testCases.TC1_loginPage -->
